<?xml version="1.0" encoding="UTF-8" ?>
<testsuite failures="0" time="0.053" errors="0" skipped="0" tests="1" name="edu.unito.hdmm.tasl.AppTest">
  <properties>
    <property name="java.runtime.name" value="Java(TM) SE Runtime Environment"/>
    <property name="sun.boot.library.path" value="/System/Library/Java/JavaVirtualMachines/1.6.0.jdk/Contents/Libraries"/>
    <property name="java.vm.version" value="20.1-b02-384"/>
    <property name="awt.nativeDoubleBuffering" value="true"/>
    <property name="gopherProxySet" value="false"/>
    <property name="mrj.build" value="9M3425"/>
    <property name="java.vm.vendor" value="Apple Inc."/>
    <property name="java.vendor.url" value="http://www.apple.com/"/>
    <property name="path.separator" value=":"/>
    <property name="java.vm.name" value="Java HotSpot(TM) 64-Bit Server VM"/>
    <property name="file.encoding.pkg" value="sun.io"/>
    <property name="user.country" value="US"/>
    <property name="sun.java.launcher" value="SUN_STANDARD"/>
    <property name="sun.os.patch.level" value="unknown"/>
    <property name="java.vm.specification.name" value="Java Virtual Machine Specification"/>
    <property name="user.dir" value="/Users/antoniopenta/Documents/workspaceTasl/taslServices/db"/>
    <property name="java.runtime.version" value="1.6.0_26-b03-384-9M3425"/>
    <property name="java.awt.graphicsenv" value="apple.awt.CGraphicsEnvironment"/>
    <property name="basedir" value="/Users/antoniopenta/Documents/workspaceTasl/taslServices/db"/>
    <property name="java.endorsed.dirs" value="/System/Library/Java/JavaVirtualMachines/1.6.0.jdk/Contents/Home/lib/endorsed"/>
    <property name="os.arch" value="x86_64"/>
    <property name="surefire.real.class.path" value="/Users/antoniopenta/Documents/workspaceTasl/taslServices/db/target/surefire/surefirebooter8146414843817447307.jar"/>
    <property name="java.io.tmpdir" value="/var/folders/19/19yKkdHXHU0731QLHRjq2k+++TI/-Tmp-/"/>
    <property name="line.separator" value="
"/>
    <property name="java.vm.specification.vendor" value="Sun Microsystems Inc."/>
    <property name="os.name" value="Mac OS X"/>
    <property name="sun.jnu.encoding" value="MacRoman"/>
    <property name="java.library.path" value=".:/Library/Java/Extensions:/System/Library/Java/Extensions:/usr/lib/java"/>
    <property name="surefire.test.class.path" value="/Users/antoniopenta/Documents/workspaceTasl/taslServices/db/target/test-classes:/Users/antoniopenta/Documents/workspaceTasl/taslServices/db/target/classes:/Users/antoniopenta/.m2/repository/junit/junit/4.10/junit-4.10.jar:/Users/antoniopenta/.m2/repository/org/hamcrest/hamcrest-core/1.1/hamcrest-core-1.1.jar:/Users/antoniopenta/.m2/repository/commons-codec/commons-codec/1.4/commons-codec-1.4.jar:/Users/antoniopenta/.m2/repository/commons-httpclient/commons-httpclient/3.1/commons-httpclient-3.1.jar:/Users/antoniopenta/.m2/repository/commons-logging/commons-logging/1.1.1/commons-logging-1.1.1.jar:/Users/antoniopenta/.m2/repository/com/google/guava/guava/12.0/guava-12.0.jar:/Users/antoniopenta/.m2/repository/com/google/code/findbugs/jsr305/1.3.9/jsr305-1.3.9.jar:/Users/antoniopenta/.m2/repository/c3p0/c3p0/0.9.1.2/c3p0-0.9.1.2.jar:/Users/antoniopenta/.m2/repository/commons-lang/commons-lang/2.2/commons-lang-2.2.jar:/Users/antoniopenta/.m2/repository/commons-collections/commons-collections/3.0/commons-collections-3.0.jar:/Users/antoniopenta/.m2/repository/postgresql/postgresql/9.1-901.jdbc4/postgresql-9.1-901.jdbc4.jar:/Users/antoniopenta/Documents/workspaceTasl/taslServices/utility/target/utility-1.0-SNAPSHOT.jar:/Users/antoniopenta/.m2/repository/de/micromata/jak/JavaAPIforKml/2.2.0-SNAPSHOT/JavaAPIforKml-2.2.0-SNAPSHOT.jar:/Users/antoniopenta/.m2/repository/com/sun/xml/bind/jaxb-impl/2.2/jaxb-impl-2.2.jar:/Users/antoniopenta/.m2/repository/javax/xml/bind/jaxb-api/2.2/jaxb-api-2.2.jar:/Users/antoniopenta/.m2/repository/javax/xml/stream/stax-api/1.0-2/stax-api-1.0-2.jar:/Users/antoniopenta/.m2/repository/javax/activation/activation/1.1/activation-1.1.jar:/Users/antoniopenta/.m2/repository/com/sun/xml/bind/jaxb-xjc/2.2/jaxb-xjc-2.2.jar:/Users/antoniopenta/.m2/repository/xmlunit/xmlunit/1.2/xmlunit-1.2.jar:/Users/antoniopenta/.m2/repository/org/apache/commons/commons-math/2.0/commons-math-2.0.jar:/Users/antoniopenta/.m2/repository/commons-io/commons-io/2.4/commons-io-2.4.jar:"/>
    <property name="java.specification.name" value="Java Platform API Specification"/>
    <property name="java.class.version" value="50.0"/>
    <property name="sun.management.compiler" value="HotSpot 64-Bit Tiered Compilers"/>
    <property name="os.version" value="10.5.8"/>
    <property name="http.nonProxyHosts" value="local|*.local|169.254/16|*.169.254/16"/>
    <property name="user.home" value="/Users/antoniopenta"/>
    <property name="user.timezone" value=""/>
    <property name="java.awt.printerjob" value="apple.awt.CPrinterJob"/>
    <property name="java.specification.version" value="1.6"/>
    <property name="file.encoding" value="MacRoman"/>
    <property name="user.name" value="antoniopenta"/>
    <property name="java.class.path" value="/Users/antoniopenta/Documents/workspaceTasl/taslServices/db/target/test-classes:/Users/antoniopenta/Documents/workspaceTasl/taslServices/db/target/classes:/Users/antoniopenta/.m2/repository/junit/junit/4.10/junit-4.10.jar:/Users/antoniopenta/.m2/repository/org/hamcrest/hamcrest-core/1.1/hamcrest-core-1.1.jar:/Users/antoniopenta/.m2/repository/commons-codec/commons-codec/1.4/commons-codec-1.4.jar:/Users/antoniopenta/.m2/repository/commons-httpclient/commons-httpclient/3.1/commons-httpclient-3.1.jar:/Users/antoniopenta/.m2/repository/commons-logging/commons-logging/1.1.1/commons-logging-1.1.1.jar:/Users/antoniopenta/.m2/repository/com/google/guava/guava/12.0/guava-12.0.jar:/Users/antoniopenta/.m2/repository/com/google/code/findbugs/jsr305/1.3.9/jsr305-1.3.9.jar:/Users/antoniopenta/.m2/repository/c3p0/c3p0/0.9.1.2/c3p0-0.9.1.2.jar:/Users/antoniopenta/.m2/repository/commons-lang/commons-lang/2.2/commons-lang-2.2.jar:/Users/antoniopenta/.m2/repository/commons-collections/commons-collections/3.0/commons-collections-3.0.jar:/Users/antoniopenta/.m2/repository/postgresql/postgresql/9.1-901.jdbc4/postgresql-9.1-901.jdbc4.jar:/Users/antoniopenta/Documents/workspaceTasl/taslServices/utility/target/utility-1.0-SNAPSHOT.jar:/Users/antoniopenta/.m2/repository/de/micromata/jak/JavaAPIforKml/2.2.0-SNAPSHOT/JavaAPIforKml-2.2.0-SNAPSHOT.jar:/Users/antoniopenta/.m2/repository/com/sun/xml/bind/jaxb-impl/2.2/jaxb-impl-2.2.jar:/Users/antoniopenta/.m2/repository/javax/xml/bind/jaxb-api/2.2/jaxb-api-2.2.jar:/Users/antoniopenta/.m2/repository/javax/xml/stream/stax-api/1.0-2/stax-api-1.0-2.jar:/Users/antoniopenta/.m2/repository/javax/activation/activation/1.1/activation-1.1.jar:/Users/antoniopenta/.m2/repository/com/sun/xml/bind/jaxb-xjc/2.2/jaxb-xjc-2.2.jar:/Users/antoniopenta/.m2/repository/xmlunit/xmlunit/1.2/xmlunit-1.2.jar:/Users/antoniopenta/.m2/repository/org/apache/commons/commons-math/2.0/commons-math-2.0.jar:/Users/antoniopenta/.m2/repository/commons-io/commons-io/2.4/commons-io-2.4.jar:"/>
    <property name="java.vm.specification.version" value="1.0"/>
    <property name="sun.arch.data.model" value="64"/>
    <property name="java.home" value="/System/Library/Java/JavaVirtualMachines/1.6.0.jdk/Contents/Home"/>
    <property name="sun.java.command" value="/Users/antoniopenta/Documents/workspaceTasl/taslServices/db/target/surefire/surefirebooter8146414843817447307.jar /Users/antoniopenta/Documents/workspaceTasl/taslServices/db/target/surefire/surefire8258451069951817968tmp /Users/antoniopenta/Documents/workspaceTasl/taslServices/db/target/surefire/surefire4419013554393813047tmp"/>
    <property name="java.specification.vendor" value="Sun Microsystems Inc."/>
    <property name="user.language" value="en"/>
    <property name="awt.toolkit" value="apple.awt.CToolkit"/>
    <property name="java.vm.info" value="mixed mode"/>
    <property name="java.version" value="1.6.0_26"/>
    <property name="java.ext.dirs" value="/Library/Java/Extensions:/System/Library/Java/Extensions:/System/Library/Java/JavaVirtualMachines/1.6.0.jdk/Contents/Home/lib/ext"/>
    <property name="sun.boot.class.path" value="/System/Library/Java/JavaVirtualMachines/1.6.0.jdk/Contents/Classes/jsfd.jar:/System/Library/Java/JavaVirtualMachines/1.6.0.jdk/Contents/Classes/classes.jar:/System/Library/Frameworks/JavaVM.framework/Frameworks/JavaRuntimeSupport.framework/Resources/Java/JavaRuntimeSupport.jar:/System/Library/Java/JavaVirtualMachines/1.6.0.jdk/Contents/Classes/ui.jar:/System/Library/Java/JavaVirtualMachines/1.6.0.jdk/Contents/Classes/laf.jar:/System/Library/Java/JavaVirtualMachines/1.6.0.jdk/Contents/Classes/sunrsasign.jar:/System/Library/Java/JavaVirtualMachines/1.6.0.jdk/Contents/Classes/jsse.jar:/System/Library/Java/JavaVirtualMachines/1.6.0.jdk/Contents/Classes/jce.jar:/System/Library/Java/JavaVirtualMachines/1.6.0.jdk/Contents/Classes/charsets.jar"/>
    <property name="java.vendor" value="Apple Inc."/>
    <property name="localRepository" value="/Users/antoniopenta/.m2/repository"/>
    <property name="file.separator" value="/"/>
    <property name="java.vendor.url.bug" value="http://bugreport.apple.com/"/>
    <property name="sun.cpu.endian" value="little"/>
    <property name="sun.io.unicode.encoding" value="UnicodeLittle"/>
    <property name="mrj.version" value="1050.1.6.0_26-384"/>
    <property name="socksNonProxyHosts" value="local|*.local|169.254/16|*.169.254/16"/>
    <property name="ftp.nonProxyHosts" value="local|*.local|169.254/16|*.169.254/16"/>
    <property name="sun.cpu.isalist" value=""/>
  </properties>
  <testcase time="0.001" classname="edu.unito.hdmm.tasl.AppTest" name="testApp"/>
</testsuite>